WARNING: channel "pecl.php.net" has updated its protocols, use "pecl channel-update pecl.php.net" to update
parsePackageName(): invalid package name "--force" in "--force"
invalid package name/package file "--force"
downloading grpc-1.68.0.tgz ...
Starting to download grpc-1.68.0.tgz (6,531,175 bytes)
..............................................................................................................................................................................................................................................................................................................................................................................................................................................................................................................................................................................................................................................................................................................................................................................................................................................................................................................................................................................................................................................................................................................................................................................................................................................................................................................................done: 6,531,175 bytes
3234 source files, building
running: phpize
Configuring for:
PHP Api Version:         20220829
Zend Module Api No:      20220829
Zend Extension Api No:   420220829
configure.ac:162: warning: The macro `AC_PROG_LIBTOOL' is obsolete.
configure.ac:162: You should run autoupdate.
build/libtool.m4:100: AC_PROG_LIBTOOL is expanded from...
configure.ac:162: the top level
building in /tmp/pear/temp/pear-build-rootCnn2hk/grpc-1.68.0
running: /tmp/pear/temp/grpc/configure --with-php-config=/usr/bin/php-config
checking for grep that handles long lines and -e... /usr/bin/grep
checking for egrep... /usr/bin/grep -E
checking for a sed that does not truncate output... /usr/bin/sed
checking for pkg-config... /usr/bin/pkg-config
checking pkg-config is at least version 0.9.0... yes
checking for cc... cc
checking whether the C compiler works... yes
checking for C compiler default output file name... a.out
checking for suffix of executables...
checking whether we are cross compiling... no
checking for suffix of object files... o
checking whether the compiler supports GNU C... yes
checking whether cc accepts -g... yes
checking for cc option to enable C11 features... none needed
checking how to run the C preprocessor... cc -E
checking for icc... no
checking for suncc... no
checking for system library directory... lib
checking if compiler supports -Wl,-rpath,... yes
checking build system type... x86_64-pc-linux-gnu
checking host system type... x86_64-pc-linux-gnu
checking target system type... x86_64-pc-linux-gnu
checking for PHP prefix... /usr
checking for PHP includes... -I/usr/include/php/20220829 -I/usr/include/php/20220829/main -I/usr/include/php/20220829/TSRM -I/usr/include/php/20220829/Zend -I/usr/include/php/20220829/ext -I/usr/include/php/20220829/ext/date/lib
checking for PHP extension directory... /usr/lib/php/20220829
checking for PHP installed headers prefix... /usr/include/php/20220829
checking if debug is enabled... no
checking if zts is enabled... no
checking for gawk... gawk
checking whether to enable grpc support... yes, shared
checking for g++... g++
checking whether the compiler supports GNU C++... yes
checking whether g++ accepts -g... yes
checking for g++ option to enable C++11 features... unsupported
checking for g++ option to enable C++98 features... unsupported
checking how to run the C++ preprocessor... g++ -E
checking how to print strings... printf
checking for a sed that does not truncate output... (cached) /usr/bin/sed
checking for fgrep... /usr/bin/grep -F
checking for ld used by cc... /usr/bin/ld
checking if the linker (/usr/bin/ld) is GNU ld... yes
checking for BSD- or MS-compatible name lister (nm)... /usr/bin/nm -B
checking the name lister (/usr/bin/nm -B) interface... BSD nm
checking whether ln -s works... yes
checking the maximum length of command line arguments... 1572864
checking how to convert x86_64-pc-linux-gnu file names to x86_64-pc-linux-gnu format... func_convert_file_noop
checking how to convert x86_64-pc-linux-gnu file names to toolchain format... func_convert_file_noop
checking for /usr/bin/ld option to reload object files... -r
checking for file... file
checking for objdump... objdump
checking how to recognize dependent libraries... pass_all
checking for dlltool... no
checking how to associate runtime and link libraries... printf %s\n
checking for ar... ar
checking for archiver @FILE support... @
checking for strip... strip
checking for ranlib... ranlib
checking for gawk... (cached) gawk
checking command to parse /usr/bin/nm -B output from cc object... ok
checking for sysroot... no
checking for a working dd... /usr/bin/dd
checking how to truncate binary pipes... /usr/bin/dd bs=4096 count=1
checking for mt... mt
checking if mt is a manifest tool... no
checking for stdio.h... yes
checking for stdlib.h... yes
checking for string.h... yes
checking for inttypes.h... yes
checking for stdint.h... yes
checking for strings.h... yes
checking for sys/stat.h... yes
checking for sys/types.h... yes
checking for unistd.h... yes
checking for dlfcn.h... yes
checking for objdir... .libs
checking if cc supports -fno-rtti -fno-exceptions... no
checking for cc option to produce PIC... -fPIC -DPIC
checking if cc PIC flag -fPIC -DPIC works... yes
checking if cc static flag -static works... yes
checking if cc supports -c -o file.o... yes
checking if cc supports -c -o file.o... (cached) yes
checking whether the cc linker (/usr/bin/ld -m elf_x86_64) supports shared libraries... yes
checking whether -lc should be explicitly linked in... no
checking dynamic linker characteristics... GNU/Linux ld.so
checking how to hardcode library paths into programs... immediate
checking whether stripping libraries is possible... yes
checking if libtool supports shared libraries... yes
checking whether to build shared libraries... yes
checking whether to build static libraries... no
checking how to run the C++ preprocessor... g++ -E
checking for ld used by g++... /usr/bin/ld -m elf_x86_64
checking if the linker (/usr/bin/ld -m elf_x86_64) is GNU ld... yes
checking whether the g++ linker (/usr/bin/ld -m elf_x86_64) supports shared libraries... yes
checking for g++ option to produce PIC... -fPIC -DPIC
checking if g++ PIC flag -fPIC -DPIC works... yes
checking if g++ static flag -static works... yes
checking if g++ supports -c -o file.o... yes
checking if g++ supports -c -o file.o... (cached) yes
checking whether the g++ linker (/usr/bin/ld -m elf_x86_64) supports shared libraries... yes
checking dynamic linker characteristics... (cached) GNU/Linux ld.so
checking how to hardcode library paths into programs... immediate
configure: patching config.h.in
configure: creating ./config.status
config.status: creating config.h
config.status: executing libtool commands
running: make
/bin/bash /tmp/pear/temp/pear-build-rootCnn2hk/grpc-1.68.0/libtool --tag=CXX --mode=compile g++ -I. -I/tmp/pear/temp/grpc -I/tmp/pear/temp/pear-build-rootCnn2hk/grpc-1.68.0/include -I/tmp/pear/temp/pear-build-rootCnn2hk/grpc-1.68.0/main -I/tmp/pear/temp/grpc -I/usr/include/php/20220829 -I/usr/include/php/20220829/main -I/usr/include/php/20220829/TSRM -I/usr/include/php/20220829/Zend -I/usr/include/php/20220829/ext -I/usr/include/php/20220829/ext/date/lib -I/tmp/pear/temp/grpc/include -I/tmp/pear/temp/grpc/src/core/ext/upb-gen -I/tmp/pear/temp/grpc/src/core/ext/upbdefs-gen -I/tmp/pear/temp/grpc/src/php/ext/grpc -I/tmp/pear/temp/grpc/third_party/abseil-cpp -I/tmp/pear/temp/grpc/third_party/address_sorting/include -I/tmp/pear/temp/grpc/third_party/boringssl-with-bazel/src/include -I/tmp/pear/temp/grpc/third_party/re2 -I/tmp/pear/temp/grpc/third_party/upb -I/tmp/pear/temp/grpc/third_party/utf8_range -I/tmp/pear/temp/grpc/third_party/xxhash  -DHAVE_CONFIG_H  -std=c++14 -fno-exceptions -fno-rtti -g -O2   -fvisibil
ity=hidden     -DOPENSSL_NO_ASM -D_GNU_SOURCE -DWIN32_LEAN_AND_MEAN     -D_HAS_EXCEPTIONS=0 -DNOMINMAX -DGRPC_ARES=0     -DGRPC_POSIX_FORK_ALLOW_PTHREAD_ATFORK=1     -DGRPC_XDS_USER_AGENT_NAME_SUFFIX='"PHP"'     -DGRPC_XDS_USER_AGENT_VERSION_SUFFIX='"1.68.0"' -DZEND_COMPILE_DL_EXT=1 -c /tmp/pear/temp/grpc/src/core/channelz/channel_trace.cc -o src/core/channelz/channel_trace.lo  -MMD -MF src/core/channelz/channel_trace.dep -MT src/core/channelz/channel_trace.lo
libtool: compile:  g++ -I. -I/tmp/pear/temp/grpc -I/tmp/pear/temp/pear-build-rootCnn2hk/grpc-1.68.0/include -I/tmp/pear/temp/pear-build-rootCnn2hk/grpc-1.68.0/main -I/tmp/pear/temp/grpc -I/usr/include/php/20220829 -I/usr/include/php/20220829/main -I/usr/include/php/20220829/TSRM -I/usr/include/php/20220829/Zend -I/usr/include/php/20220829/ext -I/usr/include/php/20220829/ext/date/lib -I/tmp/pear/temp/grpc/include -I/tmp/pear/temp/grpc/src/core/ext/upb-gen -I/tmp/pear/temp/grpc/src/core/ext/upbdefs-gen -I/tmp/pear/temp/grpc/src/php/ext/grpc -I/tmp/pear/temp/grpc/third_party/abseil-cpp -I/tmp/pear/temp/grpc/third_party/address_sorting/include -I/tmp/pear/temp/grpc/third_party/boringssl-with-bazel/src/include -I/tmp/pear/temp/grpc/third_party/re2 -I/tmp/pear/temp/grpc/third_party/upb -I/tmp/pear/temp/grpc/third_party/utf8_range -I/tmp/pear/temp/grpc/third_party/xxhash -DHAVE_CONFIG_H -std=c++14 -fno-exceptions -fno-rtti -g -O2 -fvisibility=hidden -DOPENSSL_NO_ASM -D_GNU_SOURCE -DWIN32_LEAN_AND_MEAN -D_HAS_EXCEPT
IONS=0 -DNOMINMAX -DGRPC_ARES=0 -DGRPC_POSIX_FORK_ALLOW_PTHREAD_ATFORK=1 -DGRPC_XDS_USER_AGENT_NAME_SUFFIX=\"PHP\" -DGRPC_XDS_USER_AGENT_VERSION_SUFFIX=\"1.68.0\" -DZEND_COMPILE_DL_EXT=1 -c /tmp/pear/temp/grpc/src/core/channelz/channel_trace.cc -MMD -MF src/core/channelz/channel_trace.dep -MT src/core/channelz/channel_trace.lo  -fPIC -DPIC -o src/core/channelz/.libs/channel_trace.o
/bin/bash /tmp/pear/temp/pear-build-rootCnn2hk/grpc-1.68.0/libtool --tag=CXX --mode=compile g++ -I. -I/tmp/pear/temp/grpc -I/tmp/pear/temp/pear-build-rootCnn2hk/grpc-1.68.0/include -I/tmp/pear/temp/pear-build-rootCnn2hk/grpc-1.68.0/main -I/tmp/pear/temp/grpc -I/usr/include/php/20220829 -I/usr/include/php/20220829/main -I/usr/include/php/20220829/TSRM -I/usr/include/php/20220829/Zend -I/usr/include/php/20220829/ext -I/usr/include/php/20220829/ext/date/lib -I/tmp/pear/temp/grpc/include -I/tmp/pear/temp/grpc/src/core/ext/upb-gen -I/tmp/pear/temp/grpc/src/core/ext/upbdefs-gen -I/tmp/pear/temp/grpc/src/php/ext/grpc -I/tmp/pear/temp/grpc/third_party/abseil-cpp -I/tmp/pear/temp/grpc/third_party/address_sorting/include -I/tmp/pear/temp/grpc/third_party/boringssl-with-bazel/src/include -I/tmp/pear/temp/grpc/third_party/re2 -I/tmp/pear/temp/grpc/third_party/upb -I/tmp/pear/temp/grpc/third_party/utf8_range -I/tmp/pear/temp/grpc/third_party/xxhash  -DHAVE_CONFIG_H  -std=c++14 -fno-exceptions -fno-rtti -g -O2   -fvisibil
ity=hidden     -DOPENSSL_NO_ASM -D_GNU_SOURCE -DWIN32_LEAN_AND_MEAN     -D_HAS_EXCEPTIONS=0 -DNOMINMAX -DGRPC_ARES=0     -DGRPC_POSIX_FORK_ALLOW_PTHREAD_ATFORK=1     -DGRPC_XDS_USER_AGENT_NAME_SUFFIX='"PHP"'     -DGRPC_XDS_USER_AGENT_VERSION_SUFFIX='"1.68.0"' -DZEND_COMPILE_DL_EXT=1 -c /tmp/pear/temp/grpc/src/core/channelz/channelz.cc -o src/core/channelz/channelz.lo  -MMD -MF src/core/channelz/channelz.dep -MT src/core/channelz/channelz.lo
libtool: compile:  g++ -I. -I/tmp/pear/temp/grpc -I/tmp/pear/temp/pear-build-rootCnn2hk/grpc-1.68.0/include -I/tmp/pear/temp/pear-build-rootCnn2hk/grpc-1.68.0/main -I/tmp/pear/temp/grpc -I/usr/include/php/20220829 -I/usr/include/php/20220829/main -I/usr/include/php/20220829/TSRM -I/usr/include/php/20220829/Zend -I/usr/include/php/20220829/ext -I/usr/include/php/20220829/ext/date/lib -I/tmp/pear/temp/grpc/include -I/tmp/pear/temp/grpc/src/core/ext/upb-gen -I/tmp/pear/temp/grpc/src/core/ext/upbdefs-gen -I/tmp/pear/temp/grpc/src/php/ext/grpc -I/tmp/pear/temp/grpc/third_party/abseil-cpp -I/tmp/pear/temp/grpc/third_party/address_sorting/include -I/tmp/pear/temp/grpc/third_party/boringssl-with-bazel/src/include -I/tmp/pear/temp/grpc/third_party/re2 -I/tmp/pear/temp/grpc/third_party/upb -I/tmp/pear/temp/grpc/third_party/utf8_range -I/tmp/pear/temp/grpc/third_party/xxhash -DHAVE_CONFIG_H -std=c++14 -fno-exceptions -fno-rtti -g -O2 -fvisibility=hidden -DOPENSSL_NO_ASM -D_GNU_SOURCE -DWIN32_LEAN_AND_MEAN -D_HAS_EXCEPT
IONS=0 -DNOMINMAX -DGRPC_ARES=0 -DGRPC_POSIX_FORK_ALLOW_PTHREAD_ATFORK=1 -DGRPC_XDS_USER_AGENT_NAME_SUFFIX=\"PHP\" -DGRPC_XDS_USER_AGENT_VERSION_SUFFIX=\"1.68.0\" -DZEND_COMPILE_DL_EXT=1 -c /tmp/pear/temp/grpc/src/core/channelz/channelz.cc -MMD -MF src/core/channelz/channelz.dep -MT src/core/channelz/channelz.lo  -fPIC -DPIC -o src/core/channelz/.libs/channelz.o
/bin/bash /tmp/pear/temp/pear-build-rootCnn2hk/grpc-1.68.0/libtool --tag=CXX --mode=compile g++ -I. -I/tmp/pear/temp/grpc -I/tmp/pear/temp/pear-build-rootCnn2hk/grpc-1.68.0/include -I/tmp/pear/temp/pear-build-rootCnn2hk/grpc-1.68.0/main -I/tmp/pear/temp/grpc -I/usr/include/php/20220829 -I/usr/include/php/20220829/main -I/usr/include/php/20220829/TSRM -I/usr/include/php/20220829/Zend -I/usr/include/php/20220829/ext -I/usr/include/php/20220829/ext/date/lib -I/tmp/pear/temp/grpc/include -I/tmp/pear/temp/grpc/src/core/ext/upb-gen -I/tmp/pear/temp/grpc/src/core/ext/upbdefs-gen -I/tmp/pear/temp/grpc/src/php/ext/grpc -I/tmp/pear/temp/grpc/third_party/abseil-cpp -I/tmp/pear/temp/grpc/third_party/address_sorting/include -I/tmp/pear/temp/grpc/third_party/boringssl-with-bazel/src/include -I/tmp/pear/temp/grpc/third_party/re2 -I/tmp/pear/temp/grpc/third_party/upb -I/tmp/pear/temp/grpc/third_party/utf8_range -I/tmp/pear/temp/grpc/third_party/xxhash  -DHAVE_CONFIG_H  -std=c++14 -fno-exceptions -fno-rtti -g -O2   -fvisibil
ity=hidden     -DOPENSSL_NO_ASM -D_GNU_SOURCE -DWIN32_LEAN_AND_MEAN     -D_HAS_EXCEPTIONS=0 -DNOMINMAX -DGRPC_ARES=0     -DGRPC_POSIX_FORK_ALLOW_PTHREAD_ATFORK=1     -DGRPC_XDS_USER_AGENT_NAME_SUFFIX='"PHP"'     -DGRPC_XDS_USER_AGENT_VERSION_SUFFIX='"1.68.0"' -DZEND_COMPILE_DL_EXT=1 -c /tmp/pear/temp/grpc/src/core/channelz/channelz_registry.cc -o src/core/channelz/channelz_registry.lo  -MMD -MF src/core/channelz/channelz_registry.dep -MT src/core/channelz/channelz_registry.lo
libtool: compile:  g++ -I. -I/tmp/pear/temp/grpc -I/tmp/pear/temp/pear-build-rootCnn2hk/grpc-1.68.0/include -I/tmp/pear/temp/pear-build-rootCnn2hk/grpc-1.68.0/main -I/tmp/pear/temp/grpc -I/usr/include/php/20220829 -I/usr/include/php/20220829/main -I/usr/include/php/20220829/TSRM -I/usr/include/php/20220829/Zend -I/usr/include/php/20220829/ext -I/usr/include/php/20220829/ext/date/lib -I/tmp/pear/temp/grpc/include -I/tmp/pear/temp/grpc/src/core/ext/upb-gen -I/tmp/pear/temp/grpc/src/core/ext/upbdefs-gen -I/tmp/pear/temp/grpc/src/php/ext/grpc -I/tmp/pear/temp/grpc/third_party/abseil-cpp -I/tmp/pear/temp/grpc/third_party/address_sorting/include -I/tmp/pear/temp/grpc/third_party/boringssl-with-bazel/src/include -I/tmp/pear/temp/grpc/third_party/re2 -I/tmp/pear/temp/grpc/third_party/upb -I/tmp/pear/temp/grpc/third_party/utf8_range -I/tmp/pear/temp/grpc/third_party/xxhash -DHAVE_CONFIG_H -std=c++14 -fno-exceptions -fno-rtti -g -O2 -fvisibility=hidden -DOPENSSL_NO_ASM -D_GNU_SOURCE -DWIN32_LEAN_AND_MEAN -D_HAS_EXCEPT
IONS=0 -DNOMINMAX -DGRPC_ARES=0 -DGRPC_POSIX_FORK_ALLOW_PTHREAD_ATFORK=1 -DGRPC_XDS_USER_AGENT_NAME_SUFFIX=\"PHP\" -DGRPC_XDS_USER_AGENT_VERSION_SUFFIX=\"1.68.0\" -DZEND_COMPILE_DL_EXT=1 -c /tmp/pear/temp/grpc/src/core/channelz/channelz_registry.cc -MMD -MF src/core/channelz/channelz_registry.dep -MT src/core/channelz/channelz_registry.lo  -fPIC -DPIC -o src/core/channelz/.libs/channelz_registry.o
/bin/bash /tmp/pear/temp/pear-build-rootCnn2hk/grpc-1.68.0/libtool --tag=CXX --mode=compile g++ -I. -I/tmp/pear/temp/grpc -I/tmp/pear/temp/pear-build-rootCnn2hk/grpc-1.68.0/include -I/tmp/pear/temp/pear-build-rootCnn2hk/grpc-1.68.0/main -I/tmp/pear/temp/grpc -I/usr/include/php/20220829 -I/usr/include/php/20220829/main -I/usr/include/php/20220829/TSRM -I/usr/include/php/20220829/Zend -I/usr/include/php/20220829/ext -I/usr/include/php/20220829/ext/date/lib -I/tmp/pear/temp/grpc/include -I/tmp/pear/temp/grpc/src/core/ext/upb-gen -I/tmp/pear/temp/grpc/src/core/ext/upbdefs-gen -I/tmp/pear/temp/grpc/src/php/ext/grpc -I/tmp/pear/temp/grpc/third_party/abseil-cpp -I/tmp/pear/temp/grpc/third_party/address_sorting/include -I/tmp/pear/temp/grpc/third_party/boringssl-with-bazel/src/include -I/tmp/pear/temp/grpc/third_party/re2 -I/tmp/pear/temp/grpc/third_party/upb -I/tmp/pear/temp/grpc/third_party/utf8_range -I/tmp/pear/temp/grpc/third_party/xxhash  -DHAVE_CONFIG_H  -std=c++14 -fno-exceptions -fno-rtti -g -O2   -fvisibil
ity=hidden     -DOPENSSL_NO_ASM -D_GNU_SOURCE -DWIN32_LEAN_AND_MEAN     -D_HAS_EXCEPTIONS=0 -DNOMINMAX -DGRPC_ARES=0     -DGRPC_POSIX_FORK_ALLOW_PTHREAD_ATFORK=1     -DGRPC_XDS_USER_AGENT_NAME_SUFFIX='"PHP"'     -DGRPC_XDS_USER_AGENT_VERSION_SUFFIX='"1.68.0"' -DZEND_COMPILE_DL_EXT=1 -c /tmp/pear/temp/grpc/src/core/client_channel/backup_poller.cc -o src/core/client_channel/backup_poller.lo  -MMD -MF src/core/client_channel/backup_poller.dep -MT src/core/client_channel/backup_poller.lo
libtool: compile:  g++ -I. -I/tmp/pear/temp/grpc -I/tmp/pear/temp/pear-build-rootCnn2hk/grpc-1.68.0/include -I/tmp/pear/temp/pear-build-rootCnn2hk/grpc-1.68.0/main -I/tmp/pear/temp/grpc -I/usr/include/php/20220829 -I/usr/include/php/20220829/main -I/usr/include/php/20220829/TSRM -I/usr/include/php/20220829/Zend -I/usr/include/php/20220829/ext -I/usr/include/php/20220829/ext/date/lib -I/tmp/pear/temp/grpc/include -I/tmp/pear/temp/grpc/src/core/ext/upb-gen -I/tmp/pear/temp/grpc/src/core/ext/upbdefs-gen -I/tmp/pear/temp/grpc/src/php/ext/grpc -I/tmp/pear/temp/grpc/third_party/abseil-cpp -I/tmp/pear/temp/grpc/third_party/address_sorting/include -I/tmp/pear/temp/grpc/third_party/boringssl-with-bazel/src/include -I/tmp/pear/temp/grpc/third_party/re2 -I/tmp/pear/temp/grpc/third_party/upb -I/tmp/pear/temp/grpc/third_party/utf8_range -I/tmp/pear/temp/grpc/third_party/xxhash -DHAVE_CONFIG_H -std=c++14 -fno-exceptions -fno-rtti -g -O2 -fvisibility=hidden -DOPENSSL_NO_ASM -D_GNU_SOURCE -DWIN32_LEAN_AND_MEAN -D_HAS_EXCEPT
IONS=0 -DNOMINMAX -DGRPC_ARES=0 -DGRPC_POSIX_FORK_ALLOW_PTHREAD_ATFORK=1 -DGRPC_XDS_USER_AGENT_NAME_SUFFIX=\"PHP\" -DGRPC_XDS_USER_AGENT_VERSION_SUFFIX=\"1.68.0\" -DZEND_COMPILE_DL_EXT=1 -c /tmp/pear/temp/grpc/src/core/client_channel/backup_poller.cc -MMD -MF src/core/client_channel/backup_poller.dep -MT src/core/client_channel/backup_poller.lo  -fPIC -DPIC -o src/core/client_channel/.libs/backup_poller.o
